2021-10-10 21:57:21,391 [main] INFO Zoopla_Looger - ********* Start Automation *************
2021-10-10 21:57:32,258 [main] INFO Zoopla_Looger - Users is able to verify login information successfully
2021-10-10 21:57:41,859 [main] INFO Zoopla_Looger - Users can hover over the page on the For Sale module and click on the UK Property For Sale
2021-10-10 21:57:52,499 [main] INFO Zoopla_Looger - Users is able to enter location in the text box & hit enter button
2021-10-10 21:58:02,858 [main] INFO Zoopla_Looger - Users is able to print all value/price of the properties in the console
2021-10-10 21:58:03,348 [main] INFO Zoopla_Looger - click on the third property from the properties list
2021-10-10 21:58:06,136 [main] INFO Zoopla_Looger - Users is able to print out the selected property details
2021-10-10 21:58:08,441 [main] INFO Zoopla_Looger - Users can Verify the price of the selected property
2021-10-10 21:58:08,459 [main] INFO Zoopla_Looger - User is able to logout the application
2021-10-10 21:58:09,612 [main] INFO Zoopla_Looger - End Automation
2021-10-10 21:59:36,582 [main] INFO Zoopla_Looger - ********* Start Automation *************
2021-10-10 21:59:47,472 [main] INFO Zoopla_Looger - Users is able to verify login information successfully
2021-10-10 21:59:56,056 [main] INFO Zoopla_Looger - Users can hover over the page on the For Sale module and click on the UK Property For Sale
2021-10-10 22:00:04,142 [main] INFO Zoopla_Looger - Users is able to enter location in the text box & hit enter button
2021-10-10 22:00:13,180 [main] INFO Zoopla_Looger - Users is able to print all value/price of the properties in the console
2021-10-10 22:00:16,478 [main] INFO Zoopla_Looger - click on the third property from the properties list
2021-10-10 22:00:19,924 [main] INFO Zoopla_Looger - Users is able to print out the selected property details
2021-10-10 22:00:22,877 [main] INFO Zoopla_Looger - Users can Verify the price of the selected property
2021-10-10 22:00:22,928 [main] INFO Zoopla_Looger - User is able to logout the application
2021-10-10 22:00:24,301 [main] INFO Zoopla_Looger - End Automation
2021-10-10 22:05:34,859 [main] INFO Zoopla_Looger -  
2021-10-10 22:05:34,862 [main] INFO Zoopla_Looger -  
2021-10-10 22:05:34,863 [main] INFO Zoopla_Looger - ********* Start Automation *************
2021-10-10 22:05:34,863 [main] INFO Zoopla_Looger -  
2021-10-10 22:05:34,863 [main] INFO Zoopla_Looger -  
2021-10-10 22:05:53,005 [main] INFO Zoopla_Looger - Users is able to verify login information successfully
2021-10-10 22:06:01,750 [main] INFO Zoopla_Looger - Users can hover over the page on the For Sale module and click on the UK Property For Sale
2021-10-10 22:06:09,985 [main] INFO Zoopla_Looger - Users is able to enter location in the text box & hit enter button
2021-10-10 22:06:20,864 [main] INFO Zoopla_Looger - Users is able to print all value/price of the properties in the console
2021-10-10 22:06:21,711 [main] INFO Zoopla_Looger - click on the third property from the properties list
2021-10-10 22:06:24,620 [main] INFO Zoopla_Looger - Users is able to print out the selected property details
2021-10-10 22:06:27,079 [main] INFO Zoopla_Looger - Users can Verify the price of the selected property
2021-10-10 22:06:27,133 [main] INFO Zoopla_Looger - User is able to logout the application
2021-10-10 22:06:29,586 [main] INFO Zoopla_Looger - End Automation
2021-10-11 12:14:44,508 [main] INFO Zoopla_Looger -  
2021-10-11 12:14:44,511 [main] INFO Zoopla_Looger -  
2021-10-11 12:14:44,511 [main] INFO Zoopla_Looger - ********* Start Automation *************
2021-10-11 12:14:44,511 [main] INFO Zoopla_Looger -  
2021-10-11 12:14:44,511 [main] INFO Zoopla_Looger -  
2021-10-11 12:14:55,301 [main] INFO Zoopla_Looger - Users is able to verify login information successfully
2021-10-11 12:15:03,414 [main] INFO Zoopla_Looger - Users can hover over the page on the For Sale module and click on the UK Property For Sale
2021-10-11 12:15:11,310 [main] INFO Zoopla_Looger - Users is able to enter location in the text box & hit enter button
2021-10-11 12:15:19,790 [main] INFO Zoopla_Looger - Users is able to print all value/price of the properties in the console
2021-10-11 12:15:19,996 [main] INFO Zoopla_Looger - click on the third property from the properties list
2021-10-11 12:15:22,067 [main] INFO Zoopla_Looger - Users is able to print out the selected property details
2021-10-11 12:15:24,357 [main] INFO Zoopla_Looger - Users can Verify the price of the selected property
2021-10-11 12:15:24,387 [main] INFO Zoopla_Looger - User is able to logout the application
2021-10-11 12:15:25,471 [main] INFO Zoopla_Looger - End Automation
2021-10-11 12:16:02,466 [main] INFO Zoopla_Looger -  
2021-10-11 12:16:02,469 [main] INFO Zoopla_Looger -  
2021-10-11 12:16:02,469 [main] INFO Zoopla_Looger - ********* Start Automation *************
2021-10-11 12:16:02,469 [main] INFO Zoopla_Looger -  
2021-10-11 12:16:02,469 [main] INFO Zoopla_Looger -  
2021-10-11 12:16:12,094 [main] INFO Zoopla_Looger - Users is able to verify login information successfully
2021-10-11 12:16:20,042 [main] INFO Zoopla_Looger - Users can hover over the page on the For Sale module and click on the UK Property For Sale
2021-10-11 12:16:27,910 [main] INFO Zoopla_Looger - Users is able to enter location in the text box & hit enter button
2021-10-11 12:16:36,382 [main] INFO Zoopla_Looger - Users is able to print all value/price of the properties in the console
2021-10-11 12:16:36,806 [main] INFO Zoopla_Looger - click on the third property from the properties list
2021-10-11 12:16:38,581 [main] INFO Zoopla_Looger - Users is able to print out the selected property details
2021-10-11 12:16:40,694 [main] INFO Zoopla_Looger - Users can Verify the price of the selected property
2021-10-11 12:16:40,734 [main] INFO Zoopla_Looger - User is able to logout the application
2021-10-11 12:16:41,827 [main] INFO Zoopla_Looger - End Automation
2021-10-16 00:40:00,955 [main] INFO Zoopla_Looger -  
2021-10-16 00:40:00,958 [main] INFO Zoopla_Looger -  
2021-10-16 00:40:00,958 [main] INFO Zoopla_Looger - ********* Start Automation *************
2021-10-16 00:40:00,958 [main] INFO Zoopla_Looger -  
2021-10-16 00:40:00,959 [main] INFO Zoopla_Looger -  
2021-10-16 00:40:12,699 [main] INFO Zoopla_Looger - Users is able to verify login information successfully
2021-10-16 00:40:20,923 [main] INFO Zoopla_Looger - Users can hover over the page on the For Sale module and click on the UK Property For Sale
2021-10-16 00:40:29,605 [main] INFO Zoopla_Looger - Users is able to enter location in the text box & hit enter button
2021-10-16 00:40:38,449 [main] INFO Zoopla_Looger - Users is able to print all value/price of the properties in the console
2021-10-16 00:40:39,834 [main] INFO Zoopla_Looger - click on the third property from the properties list
2021-10-16 00:40:43,567 [main] INFO Zoopla_Looger - Users is able to print out the selected property details
2021-10-16 00:40:45,352 [main] INFO Zoopla_Looger - Users can Verify the price of the selected property
2021-10-16 00:40:45,375 [main] INFO Zoopla_Looger - User is able to logout the application
2021-10-16 00:40:45,462 [main] INFO Zoopla_Looger - End Automation
2021-10-16 00:41:43,170 [main] INFO Zoopla_Looger -  
2021-10-16 00:41:43,172 [main] INFO Zoopla_Looger -  
2021-10-16 00:41:43,172 [main] INFO Zoopla_Looger - ********* Start Automation *************
2021-10-16 00:41:43,173 [main] INFO Zoopla_Looger -  
2021-10-16 00:41:43,173 [main] INFO Zoopla_Looger -  
2021-10-16 00:41:53,522 [main] INFO Zoopla_Looger - Users is able to verify login information successfully
2021-10-16 00:42:02,477 [main] INFO Zoopla_Looger - Users can hover over the page on the For Sale module and click on the UK Property For Sale
2021-10-16 00:42:10,390 [main] INFO Zoopla_Looger - Users is able to enter location in the text box & hit enter button
2021-10-16 00:42:16,787 [main] INFO Zoopla_Looger - Users is able to print all value/price of the properties in the console
2021-10-16 00:42:19,003 [main] INFO Zoopla_Looger - click on the third property from the properties list
2021-10-16 00:42:22,847 [main] INFO Zoopla_Looger - Users is able to print out the selected property details
2021-10-16 00:42:24,535 [main] INFO Zoopla_Looger - Users can Verify the price of the selected property
2021-10-16 00:42:24,560 [main] INFO Zoopla_Looger - User is able to logout the application
2021-10-16 00:42:24,633 [main] INFO Zoopla_Looger - End Automation
2021-10-16 00:43:10,091 [main] INFO Zoopla_Looger -  
2021-10-16 00:43:10,093 [main] INFO Zoopla_Looger -  
2021-10-16 00:43:10,094 [main] INFO Zoopla_Looger - ********* Start Automation *************
2021-10-16 00:43:10,094 [main] INFO Zoopla_Looger -  
2021-10-16 00:43:10,094 [main] INFO Zoopla_Looger -  
2021-10-16 00:43:20,270 [main] INFO Zoopla_Looger - Users is able to verify login information successfully
2021-10-16 00:43:28,971 [main] INFO Zoopla_Looger - Users can hover over the page on the For Sale module and click on the UK Property For Sale
2021-10-16 00:43:36,800 [main] INFO Zoopla_Looger - Users is able to enter location in the text box & hit enter button
2021-10-16 00:43:43,668 [main] INFO Zoopla_Looger - Users is able to print all value/price of the properties in the console
2021-10-16 00:43:46,504 [main] INFO Zoopla_Looger - click on the third property from the properties list
2021-10-16 00:43:49,760 [main] INFO Zoopla_Looger - Users is able to print out the selected property details
2021-10-16 00:43:51,632 [main] INFO Zoopla_Looger - Users can Verify the price of the selected property
2021-10-16 00:43:51,655 [main] INFO Zoopla_Looger - User is able to logout the application
2021-10-16 00:43:51,738 [main] INFO Zoopla_Looger - End Automation
2021-10-16 00:45:02,666 [main] INFO Zoopla_Looger -  
2021-10-16 00:45:02,670 [main] INFO Zoopla_Looger -  
2021-10-16 00:45:02,670 [main] INFO Zoopla_Looger - ********* Start Automation *************
2021-10-16 00:45:02,670 [main] INFO Zoopla_Looger -  
2021-10-16 00:45:02,670 [main] INFO Zoopla_Looger -  
2021-10-16 00:45:13,477 [main] INFO Zoopla_Looger - Users is able to verify login information successfully
2021-10-16 00:45:21,670 [main] INFO Zoopla_Looger - Users can hover over the page on the For Sale module and click on the UK Property For Sale
2021-10-16 00:45:29,534 [main] INFO Zoopla_Looger - Users is able to enter location in the text box & hit enter button
2021-10-16 00:45:37,679 [main] INFO Zoopla_Looger - Users is able to print all value/price of the properties in the console
2021-10-16 00:45:37,902 [main] INFO Zoopla_Looger - click on the third property from the properties list
2021-10-16 00:45:41,708 [main] INFO Zoopla_Looger - Users is able to print out the selected property details
2021-10-16 00:45:43,175 [main] INFO Zoopla_Looger - Users can Verify the price of the selected property
2021-10-16 00:45:43,797 [main] INFO Zoopla_Looger - User is able to logout the application
2021-10-16 00:46:02,258 [main] INFO Zoopla_Looger -  
2021-10-16 00:46:02,261 [main] INFO Zoopla_Looger -  
2021-10-16 00:46:02,261 [main] INFO Zoopla_Looger - ********* Start Automation *************
2021-10-16 00:46:02,261 [main] INFO Zoopla_Looger -  
2021-10-16 00:46:02,261 [main] INFO Zoopla_Looger -  
2021-10-16 00:46:12,978 [main] INFO Zoopla_Looger - Users is able to verify login information successfully
2021-10-16 00:46:21,635 [main] INFO Zoopla_Looger - Users can hover over the page on the For Sale module and click on the UK Property For Sale
2021-10-16 00:46:29,574 [main] INFO Zoopla_Looger - Users is able to enter location in the text box & hit enter button
2021-10-16 00:46:36,397 [main] INFO Zoopla_Looger - Users is able to print all value/price of the properties in the console
2021-10-16 00:46:38,523 [main] INFO Zoopla_Looger - click on the third property from the properties list
2021-10-16 00:46:42,389 [main] INFO Zoopla_Looger - Users is able to print out the selected property details
2021-10-16 00:46:44,439 [main] INFO Zoopla_Looger - Users can Verify the price of the selected property
2021-10-16 00:46:44,461 [main] INFO Zoopla_Looger - User is able to logout the application
2021-10-16 00:47:33,256 [main] INFO Zoopla_Looger -  
2021-10-16 00:47:33,259 [main] INFO Zoopla_Looger -  
2021-10-16 00:47:33,259 [main] INFO Zoopla_Looger - ********* Start Automation *************
2021-10-16 00:47:33,259 [main] INFO Zoopla_Looger -  
2021-10-16 00:47:33,259 [main] INFO Zoopla_Looger -  
2021-10-16 00:47:43,575 [main] INFO Zoopla_Looger - Users is able to verify login information successfully
2021-10-16 00:47:51,950 [main] INFO Zoopla_Looger - Users can hover over the page on the For Sale module and click on the UK Property For Sale
2021-10-16 00:48:00,000 [main] INFO Zoopla_Looger - Users is able to enter location in the text box & hit enter button
2021-10-16 00:48:07,496 [main] INFO Zoopla_Looger - Users is able to print all value/price of the properties in the console
2021-10-16 00:48:07,704 [main] INFO Zoopla_Looger - click on the third property from the properties list
2021-10-16 00:48:11,795 [main] INFO Zoopla_Looger - Users is able to print out the selected property details
2021-10-16 00:48:14,000 [main] INFO Zoopla_Looger - Users can Verify the price of the selected property
2021-10-16 00:48:14,023 [main] INFO Zoopla_Looger - User is able to logout the application
2021-10-16 00:51:22,914 [main] INFO Zoopla_Looger -  
2021-10-16 00:51:22,917 [main] INFO Zoopla_Looger -  
2021-10-16 00:51:22,917 [main] INFO Zoopla_Looger - ********* Start Automation *************
2021-10-16 00:51:22,917 [main] INFO Zoopla_Looger -  
2021-10-16 00:51:22,917 [main] INFO Zoopla_Looger -  
2021-10-16 00:51:32,967 [main] INFO Zoopla_Looger - Users is able to verify login information successfully
2021-10-16 00:51:41,430 [main] INFO Zoopla_Looger - Users can hover over the page on the For Sale module and click on the UK Property For Sale
2021-10-16 00:52:04,364 [main] INFO Zoopla_Looger -  
2021-10-16 00:52:04,367 [main] INFO Zoopla_Looger -  
2021-10-16 00:52:04,367 [main] INFO Zoopla_Looger - ********* Start Automation *************
2021-10-16 00:52:04,367 [main] INFO Zoopla_Looger -  
2021-10-16 00:52:04,368 [main] INFO Zoopla_Looger -  
2021-10-16 00:52:14,670 [main] INFO Zoopla_Looger - Users is able to verify login information successfully
2021-10-16 00:52:23,047 [main] INFO Zoopla_Looger - Users can hover over the page on the For Sale module and click on the UK Property For Sale
2021-10-16 21:46:00,452 [main] INFO Zoopla_Looger -  
2021-10-16 21:46:00,456 [main] INFO Zoopla_Looger -  
2021-10-16 21:46:00,456 [main] INFO Zoopla_Looger - ********* Start Automation *************
2021-10-16 21:46:00,456 [main] INFO Zoopla_Looger -  
2021-10-16 21:46:00,456 [main] INFO Zoopla_Looger -  
2021-10-16 21:46:12,534 [main] INFO Zoopla_Looger - Users is able to verify login information successfully
2021-10-16 21:46:20,738 [main] INFO Zoopla_Looger - Users can hover over the page on the For Sale module and click on the UK Property For Sale
2021-10-16 21:46:28,730 [main] INFO Zoopla_Looger - Users is able to enter location in the text box & hit enter button
2021-10-16 21:46:35,552 [main] INFO Zoopla_Looger - Users is able to print all value/price of the properties in the console
2021-10-16 21:46:37,713 [main] INFO Zoopla_Looger - click on the third property from the properties list
2021-10-16 21:46:41,965 [main] INFO Zoopla_Looger - Users is able to print out the selected property details
2021-10-16 21:46:44,283 [main] INFO Zoopla_Looger - Users can Verify the price of the selected property
2021-10-16 21:46:44,299 [main] INFO Zoopla_Looger - User is able to logout the application
